2025-11-21 10:26:41 [main] INFO  com.example.scsa.ScsaApplication - Starting ScsaApplication using Java 17.0.12 with PID 32410 (/Users/hw/삼성SDS-SCSA-25기/tennis-web-app/build/classes/java/main started by hw in /Users/hw/삼성SDS-SCSA-25기/tennis-web-app)
2025-11-21 10:26:41 [main] DEBUG com.example.scsa.ScsaApplication - Running with Spring Boot v3.5.7, Spring v6.2.12
2025-11-21 10:26:41 [main] INFO  com.example.scsa.ScsaApplication - No active profile set, falling back to 1 default profile: "default"
2025-11-21 10:26:41 [main] INFO  o.s.d.r.c.RepositoryConfigurationDelegate - Multiple Spring Data modules found, entering strict repository configuration mode
2025-11-21 10:26:41 [main] INFO  o.s.d.r.c.RepositoryConfigurationDelegate - Bootstrapping Spring Data JPA repositories in DEFAULT mode.
2025-11-21 10:26:41 [main] INFO  o.s.d.r.c.RepositoryConfigurationDelegate - Finished Spring Data repository scanning in 60 ms. Found 6 JPA repository interfaces.
2025-11-21 10:26:41 [main] INFO  o.s.d.r.c.RepositoryConfigurationDelegate - Multiple Spring Data modules found, entering strict repository configuration mode
2025-11-21 10:26:41 [main] INFO  o.s.d.r.c.RepositoryConfigurationDelegate - Bootstrapping Spring Data Redis repositories in DEFAULT mode.
2025-11-21 10:26:41 [main] INFO  o.s.d.r.c.RepositoryConfigurationExtensionSupport - Spring Data Redis - Could not safely identify store assignment for repository candidate interface com.example.scsa.repository.ChatRepository; If you want this repository to be a Redis repository, consider annotating your entities with one of these annotations: org.springframework.data.redis.core.RedisHash (preferred), or consider extending one of the following types with your repository: org.springframework.data.keyvalue.repository.KeyValueRepository
2025-11-21 10:26:41 [main] INFO  o.s.d.r.c.RepositoryConfigurationExtensionSupport - Spring Data Redis - Could not safely identify store assignment for repository candidate interface com.example.scsa.repository.ChatRoomRepository; If you want this repository to be a Redis repository, consider annotating your entities with one of these annotations: org.springframework.data.redis.core.RedisHash (preferred), or consider extending one of the following types with your repository: org.springframework.data.keyvalue.repository.KeyValueRepository
2025-11-21 10:26:41 [main] INFO  o.s.d.r.c.RepositoryConfigurationExtensionSupport - Spring Data Redis - Could not safely identify store assignment for repository candidate interface com.example.scsa.repository.CourtRepository; If you want this repository to be a Redis repository, consider annotating your entities with one of these annotations: org.springframework.data.redis.core.RedisHash (preferred), or consider extending one of the following types with your repository: org.springframework.data.keyvalue.repository.KeyValueRepository
2025-11-21 10:26:41 [main] INFO  o.s.d.r.c.RepositoryConfigurationExtensionSupport - Spring Data Redis - Could not safely identify store assignment for repository candidate interface com.example.scsa.repository.MatchGuestRepository; If you want this repository to be a Redis repository, consider annotating your entities with one of these annotations: org.springframework.data.redis.core.RedisHash (preferred), or consider extending one of the following types with your repository: org.springframework.data.keyvalue.repository.KeyValueRepository
2025-11-21 10:26:41 [main] INFO  o.s.d.r.c.RepositoryConfigurationExtensionSupport - Spring Data Redis - Could not safely identify store assignment for repository candidate interface com.example.scsa.repository.MatchRepository; If you want this repository to be a Redis repository, consider annotating your entities with one of these annotations: org.springframework.data.redis.core.RedisHash (preferred), or consider extending one of the following types with your repository: org.springframework.data.keyvalue.repository.KeyValueRepository
2025-11-21 10:26:41 [main] INFO  o.s.d.r.c.RepositoryConfigurationExtensionSupport - Spring Data Redis - Could not safely identify store assignment for repository candidate interface com.example.scsa.repository.UserRepository; If you want this repository to be a Redis repository, consider annotating your entities with one of these annotations: org.springframework.data.redis.core.RedisHash (preferred), or consider extending one of the following types with your repository: org.springframework.data.keyvalue.repository.KeyValueRepository
2025-11-21 10:26:41 [main] INFO  o.s.d.r.c.RepositoryConfigurationDelegate - Finished Spring Data repository scanning in 3 ms. Found 0 Redis repository interfaces.
2025-11-21 10:26:41 [main] INFO  o.s.b.w.e.tomcat.TomcatWebServer - Tomcat initialized with port 8888 (http)
2025-11-21 10:26:41 [main] INFO  o.a.catalina.core.StandardService - Starting service [Tomcat]
2025-11-21 10:26:41 [main] INFO  o.a.catalina.core.StandardEngine - Starting Servlet engine: [Apache Tomcat/10.1.48]
2025-11-21 10:26:41 [main] INFO  o.a.c.c.C.[Tomcat].[localhost].[/] - Initializing Spring embedded WebApplicationContext
2025-11-21 10:26:41 [main] INFO  o.s.b.w.s.c.ServletWebServerApplicationContext - Root WebApplicationContext: initialization completed in 679 ms
2025-11-21 10:26:41 [main] INFO  o.h.jpa.internal.util.LogHelper - HHH000204: Processing PersistenceUnitInfo [name: default]
2025-11-21 10:26:41 [main] INFO  org.hibernate.Version - HHH000412: Hibernate ORM core version 6.6.33.Final
2025-11-21 10:26:41 [main] INFO  o.h.c.i.RegionFactoryInitiator - HHH000026: Second-level cache disabled
2025-11-21 10:26:42 [main] INFO  o.s.o.j.p.SpringPersistenceUnitInfo - No LoadTimeWeaver setup: ignoring JPA class transformer
2025-11-21 10:26:42 [main] INFO  com.zaxxer.hikari.HikariDataSource - HikariPool-1 - Starting...
2025-11-21 10:26:42 [main] INFO  com.zaxxer.hikari.pool.HikariPool - HikariPool-1 - Added connection com.mysql.cj.jdbc.ConnectionImpl@776d8097
2025-11-21 10:26:42 [main] INFO  com.zaxxer.hikari.HikariDataSource - HikariPool-1 - Start completed.
2025-11-21 10:26:42 [main] WARN  org.hibernate.orm.deprecation - HHH90000025: MySQL8Dialect does not need to be specified explicitly using 'hibernate.dialect' (remove the property setting and it will be selected by default)
2025-11-21 10:26:42 [main] WARN  org.hibernate.orm.deprecation - HHH90000026: MySQL8Dialect has been deprecated; use org.hibernate.dialect.MySQLDialect instead
2025-11-21 10:26:42 [main] INFO  o.hibernate.orm.connections.pooling - HHH10001005: Database info:
	Database JDBC URL [Connecting through datasource 'HikariDataSource (HikariPool-1)']
	Database driver: undefined/unknown
	Database version: 8.0
	Autocommit mode: undefined/unknown
	Isolation level: undefined/unknown
	Minimum pool size: undefined/unknown
	Maximum pool size: undefined/unknown
2025-11-21 10:26:42 [main] INFO  o.h.e.t.j.p.i.JtaPlatformInitiator - HHH000489: No JTA platform available (set 'hibernate.transaction.jta.platform' to enable JTA platform integration)
2025-11-21 10:26:43 [main] INFO  o.s.o.j.LocalContainerEntityManagerFactoryBean - Initialized JPA EntityManagerFactory for persistence unit 'default'
2025-11-21 10:26:43 [main] DEBUG o.s.d.j.r.c.JpaMetamodelMappingContextFactoryBean - Initializing JpaMetamodelMappingContext…
2025-11-21 10:26:43 [main] DEBUG o.s.d.j.r.c.JpaMetamodelMappingContextFactoryBean - Finished initializing JpaMetamodelMappingContext
2025-11-21 10:26:43 [main] DEBUG o.s.d.j.repository.query.NamedQuery - Looking up named query 'User.findByName'
2025-11-21 10:26:43 [main] DEBUG o.s.d.j.repository.query.NamedQuery - Did not find named query User.findByName
2025-11-21 10:26:43 [main] DEBUG o.s.d.j.repository.query.NamedQuery - Looking up named query 'User.findByProviderAndProviderId'
2025-11-21 10:26:43 [main] DEBUG o.s.d.j.repository.query.NamedQuery - Did not find named query User.findByProviderAndProviderId
2025-11-21 10:26:43 [main] DEBUG o.s.d.j.repository.query.NamedQuery - Looking up named query 'User.existsByNickname'
2025-11-21 10:26:43 [main] DEBUG o.s.d.j.repository.query.NamedQuery - Did not find named query User.existsByNickname
2025-11-21 10:26:43 [main] DEBUG o.s.d.j.repository.query.NamedQuery - Looking up named query 'User.existsByNicknameAndIdNot'
2025-11-21 10:26:43 [main] DEBUG o.s.d.j.repository.query.NamedQuery - Did not find named query User.existsByNicknameAndIdNot
2025-11-21 10:26:43 [main] DEBUG o.s.d.j.repository.query.NamedQuery - Looking up named query 'User.findByNickname'
2025-11-21 10:26:43 [main] DEBUG o.s.d.j.repository.query.NamedQuery - Did not find named query User.findByNickname
2025-11-21 10:26:43 [main] DEBUG o.s.d.j.repository.query.NamedQuery - Looking up named query 'User.findByGender'
2025-11-21 10:26:43 [main] DEBUG o.s.d.j.repository.query.NamedQuery - Did not find named query User.findByGender
2025-11-21 10:26:43 [main] DEBUG o.s.d.j.repository.query.NamedQuery - Looking up named query 'User.findByPeriod'
2025-11-21 10:26:43 [main] DEBUG o.s.d.j.repository.query.NamedQuery - Did not find named query User.findByPeriod
2025-11-21 10:26:43 [main] DEBUG o.s.d.j.repository.query.NamedQuery - Did not find named query User.findByConditions.count
2025-11-21 10:26:43 [main] INFO  o.s.d.j.r.query.QueryEnhancerFactory - Hibernate is in classpath; If applicable, HQL parser will be used.
2025-11-21 10:26:43 [main] DEBUG o.s.d.j.repository.query.NamedQuery - Did not find named query User.countAllUsers.count
2025-11-21 10:26:43 [main] DEBUG o.s.d.j.repository.query.NamedQuery - Looking up named query 'User.findByProviderId'
2025-11-21 10:26:43 [main] DEBUG o.s.d.j.repository.query.NamedQuery - Did not find named query User.findByProviderId
2025-11-21 10:26:43 [main] DEBUG o.s.d.j.repository.query.NamedQuery - Looking up named query 'User.findByAge'
2025-11-21 10:26:43 [main] DEBUG o.s.d.j.repository.query.NamedQuery - Did not find named query User.findByAge
2025-11-21 10:26:43 [main] DEBUG c.e.s.c.f.JwtAuthenticationFilter - Filter 'jwtAuthenticationFilter' configured for use
2025-11-21 10:26:43 [main] DEBUG o.s.d.j.repository.query.NamedQuery - Did not find named query Court.findByKeywordWithCursor.count
2025-11-21 10:26:44 [main] DEBUG o.s.d.j.repository.query.NamedQuery - Did not find named query Court.findByKeyword.count
2025-11-21 10:26:44 [main] DEBUG o.s.d.j.repository.query.NamedQuery - Looking up named query 'Match.existsByHost_IdAndMatchStatus'
2025-11-21 10:26:44 [main] DEBUG o.s.d.j.repository.query.NamedQuery - Did not find named query Match.existsByHost_IdAndMatchStatus
2025-11-21 10:26:44 [main] DEBUG o.s.d.j.repository.query.NamedQuery - Looking up named query 'Match.deleteAllByHost_IdAndMatchStatus'
2025-11-21 10:26:44 [main] DEBUG o.s.d.j.repository.query.NamedQuery - Did not find named query Match.deleteAllByHost_IdAndMatchStatus
2025-11-21 10:26:44 [main] DEBUG o.s.d.j.repository.query.NamedQuery - Did not find named query Match.findByUserParticipatingSlice.count
2025-11-21 10:26:44 [main] DEBUG o.s.d.j.repository.query.NamedQuery - Did not find named query Match.findForList.count
2025-11-21 10:26:44 [main] DEBUG o.s.d.j.repository.query.NamedQuery - Did not find named query Match.findByIdWithGuests.count
2025-11-21 10:26:44 [main] DEBUG o.s.d.j.repository.query.NamedQuery - Did not find named query Match.findByMatchStatus.count
2025-11-21 10:26:44 [main] DEBUG o.s.d.j.repository.query.NamedQuery - Did not find named query Match.findByMatchStatusSlice.count
2025-11-21 10:26:44 [main] DEBUG o.s.d.j.repository.query.NamedQuery - Did not find named query Match.findByHostSlice.count
2025-11-21 10:26:44 [main] DEBUG o.s.d.j.repository.query.NamedQuery - Did not find named query Match.findByUserParticipating.count
2025-11-21 10:26:44 [main] DEBUG o.s.d.j.repository.query.NamedQuery - Did not find named query Match.findByDateRange.count
2025-11-21 10:26:44 [main] DEBUG o.s.d.j.repository.query.NamedQuery - Did not find named query Match.findByDateRangeSlice.count
2025-11-21 10:26:44 [main] DEBUG o.s.d.j.repository.query.NamedQuery - Did not find named query Match.countByUserParticipating.count
2025-11-21 10:26:44 [main] DEBUG o.s.d.j.repository.query.NamedQuery - Did not find named query Match.findByCourtIdAndDateRange.count
2025-11-21 10:26:44 [main] DEBUG o.s.d.j.repository.query.NamedQuery - Did not find named query Match.findByCourtId.count
2025-11-21 10:26:44 [main] DEBUG o.s.d.j.repository.query.NamedQuery - Did not find named query Match.findByHost.count
2025-11-21 10:26:44 [main] WARN  o.s.b.a.o.j.JpaBaseConfiguration$JpaWebConfiguration - spring.jpa.open-in-view is enabled by default. Therefore, database queries may be performed during view rendering. Explicitly configure spring.jpa.open-in-view to disable this warning
2025-11-21 10:26:44 [main] INFO  o.s.b.a.w.s.WelcomePageHandlerMapping - Adding welcome page: class path resource [static/index.html]
2025-11-21 10:26:44 [main] DEBUG o.s.w.s.m.m.a.RequestMappingHandlerMapping - 22 mappings in 'requestMappingHandlerMapping'
2025-11-21 10:26:44 [main] DEBUG o.s.w.s.h.SimpleUrlHandlerMapping - Patterns [/webjars/**, /**, /swagger-ui*/*swagger-initializer.js, /swagger-ui*/**] in 'resourceHandlerMapping'
2025-11-21 10:26:44 [main] INFO  o.s.s.c.a.a.c.InitializeUserDetailsBeanManagerConfigurer$InitializeUserDetailsManagerConfigurer - Global AuthenticationManager configured with UserDetailsService bean with name customUserDetailsService
2025-11-21 10:26:44 [main] DEBUG o.s.s.web.DefaultSecurityFilterChain - Will secure any request with filters: DisableEncodeUrlFilter, WebAsyncManagerIntegrationFilter, SecurityContextHolderFilter, HeaderWriterFilter, CorsFilter, LogoutFilter, OAuth2AuthorizationRequestRedirectFilter, OAuth2LoginAuthenticationFilter, JwtAuthenticationFilter, RequestCacheAwareFilter, SecurityContextHolderAwareRequestFilter, AnonymousAuthenticationFilter, SessionManagementFilter, ExceptionTranslationFilter, AuthorizationFilter
2025-11-21 10:26:44 [main] INFO  o.s.v.b.OptionalValidatorFactoryBean - Failed to set up a Bean Validation provider: jakarta.validation.NoProviderFoundException: Unable to create a Configuration, because no Jakarta Bean Validation provider could be found. Add a provider like Hibernate Validator (RI) to your classpath.
2025-11-21 10:26:44 [main] DEBUG o.s.w.s.m.m.a.RequestMappingHandlerAdapter - ControllerAdvice beans: 0 @ModelAttribute, 0 @InitBinder, 1 RequestBodyAdvice, 1 ResponseBodyAdvice
2025-11-21 10:26:44 [main] DEBUG o.s.w.s.m.m.a.ExceptionHandlerExceptionResolver - ControllerAdvice beans: 2 @ExceptionHandler, 1 ResponseBodyAdvice
2025-11-21 10:26:44 [main] DEBUG o.s.d.j.repository.query.NamedQuery - Did not find named query MatchGuest.countByUser.count
2025-11-21 10:26:44 [main] DEBUG o.s.d.j.repository.query.NamedQuery - Did not find named query MatchGuest.findByMatch.count
2025-11-21 10:26:44 [main] DEBUG o.s.d.j.repository.query.NamedQuery - Did not find named query MatchGuest.findHostByMatch.count
2025-11-21 10:26:44 [main] DEBUG o.s.d.j.repository.query.NamedQuery - Did not find named query MatchGuest.findGuestsByMatch.count
2025-11-21 10:26:44 [main] DEBUG o.s.d.j.repository.query.NamedQuery - Did not find named query MatchGuest.findByMatchAndUser.count
2025-11-21 10:26:44 [main] DEBUG o.s.d.j.repository.query.NamedQuery - Did not find named query MatchGuest.existsByMatchAndUser.count
2025-11-21 10:26:44 [main] DEBUG o.s.d.j.repository.query.NamedQuery - Did not find named query MatchGuest.countByMatch.count
2025-11-21 10:26:44 [main] DEBUG o.s.d.j.repository.query.NamedQuery - Did not find named query MatchGuest.findByUser.count
2025-11-21 10:26:44 [main] DEBUG o.s.d.j.repository.query.NamedQuery - Did not find named query ChatRoom.findByUsers.count
2025-11-21 10:26:44 [main] DEBUG o.s.d.j.repository.query.NamedQuery - Did not find named query ChatRoom.findByMatchIdAndUsers.count
2025-11-21 10:26:44 [main] DEBUG o.s.d.j.repository.query.NamedQuery - Did not find named query ChatRoom.findByMatchId.count
2025-11-21 10:26:44 [main] DEBUG o.s.d.j.repository.query.NamedQuery - Did not find named query ChatRoom.findByUserIdAndMatchId.count
2025-11-21 10:26:44 [main] DEBUG o.s.d.j.repository.query.NamedQuery - Did not find named query ChatRoom.findByIdWithChats.count
2025-11-21 10:26:44 [main] DEBUG o.s.d.j.repository.query.NamedQuery - Did not find named query ChatRoom.countByUser.count
2025-11-21 10:26:44 [main] DEBUG o.s.d.j.repository.query.NamedQuery - Did not find named query ChatRoom.countByMatchId.count
2025-11-21 10:26:44 [main] DEBUG o.s.d.j.repository.query.NamedQuery - Did not find named query ChatRoom.findByUser.count
2025-11-21 10:26:44 [main] DEBUG o.s.d.j.repository.query.NamedQuery - Did not find named query Chat.findByChatRoomOrderByCreatedAtDesc.count
2025-11-21 10:26:44 [main] DEBUG o.s.d.j.repository.query.NamedQuery - Did not find named query Chat.findByChatRoom.count
2025-11-21 10:26:44 [main] DEBUG o.s.d.j.repository.query.NamedQuery - Did not find named query Chat.findLatestByChatRoom.count
2025-11-21 10:26:44 [main] DEBUG o.s.d.j.repository.query.NamedQuery - Did not find named query Chat.findBySender.count
2025-11-21 10:26:44 [main] DEBUG o.s.d.j.repository.query.NamedQuery - Did not find named query Chat.findUnreadMessages.count
2025-11-21 10:26:44 [main] DEBUG o.s.d.j.repository.query.NamedQuery - Did not find named query Chat.countByChatRoom.count
2025-11-21 10:26:44 [main] DEBUG o.s.d.j.repository.query.NamedQuery - Did not find named query Chat.countUnreadMessages.count
2025-11-21 10:26:45 [main] WARN  o.s.b.w.s.c.AnnotationConfigServletWebServerApplicationContext - Exception encountered during context initialization - cancelling refresh attempt: org.springframework.context.ApplicationContextException: Failed to start bean 'webServerStartStop'
2025-11-21 10:26:45 [main] INFO  o.s.o.j.LocalContainerEntityManagerFactoryBean - Closing JPA EntityManagerFactory for persistence unit 'default'
2025-11-21 10:26:45 [main] INFO  com.zaxxer.hikari.HikariDataSource - HikariPool-1 - Shutdown initiated...
2025-11-21 10:26:45 [main] INFO  com.zaxxer.hikari.HikariDataSource - HikariPool-1 - Shutdown completed.
2025-11-21 10:26:45 [main] INFO  o.s.b.a.l.ConditionEvaluationReportLogger - 

Error starting ApplicationContext. To display the condition evaluation report re-run your application with 'debug' enabled.
2025-11-21 10:26:45 [main] ERROR o.s.b.d.LoggingFailureAnalysisReporter - 

***************************
APPLICATION FAILED TO START
***************************

Description:

Web server failed to start. Port 8888 was already in use.

Action:

Identify and stop the process that's listening on port 8888 or configure this application to listen on another port.

2025-11-21 10:26:58 [main] INFO  com.example.scsa.ScsaApplication - Starting ScsaApplication using Java 17.0.12 with PID 32448 (/Users/hw/삼성SDS-SCSA-25기/tennis-web-app/build/classes/java/main started by hw in /Users/hw/삼성SDS-SCSA-25기/tennis-web-app)
2025-11-21 10:26:58 [main] DEBUG com.example.scsa.ScsaApplication - Running with Spring Boot v3.5.7, Spring v6.2.12
2025-11-21 10:26:58 [main] INFO  com.example.scsa.ScsaApplication - No active profile set, falling back to 1 default profile: "default"
2025-11-21 10:26:59 [main] INFO  o.s.d.r.c.RepositoryConfigurationDelegate - Multiple Spring Data modules found, entering strict repository configuration mode
2025-11-21 10:26:59 [main] INFO  o.s.d.r.c.RepositoryConfigurationDelegate - Bootstrapping Spring Data JPA repositories in DEFAULT mode.
2025-11-21 10:26:59 [main] INFO  o.s.d.r.c.RepositoryConfigurationDelegate - Finished Spring Data repository scanning in 57 ms. Found 6 JPA repository interfaces.
2025-11-21 10:26:59 [main] INFO  o.s.d.r.c.RepositoryConfigurationDelegate - Multiple Spring Data modules found, entering strict repository configuration mode
2025-11-21 10:26:59 [main] INFO  o.s.d.r.c.RepositoryConfigurationDelegate - Bootstrapping Spring Data Redis repositories in DEFAULT mode.
2025-11-21 10:26:59 [main] INFO  o.s.d.r.c.RepositoryConfigurationExtensionSupport - Spring Data Redis - Could not safely identify store assignment for repository candidate interface com.example.scsa.repository.ChatRepository; If you want this repository to be a Redis repository, consider annotating your entities with one of these annotations: org.springframework.data.redis.core.RedisHash (preferred), or consider extending one of the following types with your repository: org.springframework.data.keyvalue.repository.KeyValueRepository
2025-11-21 10:26:59 [main] INFO  o.s.d.r.c.RepositoryConfigurationExtensionSupport - Spring Data Redis - Could not safely identify store assignment for repository candidate interface com.example.scsa.repository.ChatRoomRepository; If you want this repository to be a Redis repository, consider annotating your entities with one of these annotations: org.springframework.data.redis.core.RedisHash (preferred), or consider extending one of the following types with your repository: org.springframework.data.keyvalue.repository.KeyValueRepository
2025-11-21 10:26:59 [main] INFO  o.s.d.r.c.RepositoryConfigurationExtensionSupport - Spring Data Redis - Could not safely identify store assignment for repository candidate interface com.example.scsa.repository.CourtRepository; If you want this repository to be a Redis repository, consider annotating your entities with one of these annotations: org.springframework.data.redis.core.RedisHash (preferred), or consider extending one of the following types with your repository: org.springframework.data.keyvalue.repository.KeyValueRepository
2025-11-21 10:26:59 [main] INFO  o.s.d.r.c.RepositoryConfigurationExtensionSupport - Spring Data Redis - Could not safely identify store assignment for repository candidate interface com.example.scsa.repository.MatchGuestRepository; If you want this repository to be a Redis repository, consider annotating your entities with one of these annotations: org.springframework.data.redis.core.RedisHash (preferred), or consider extending one of the following types with your repository: org.springframework.data.keyvalue.repository.KeyValueRepository
2025-11-21 10:26:59 [main] INFO  o.s.d.r.c.RepositoryConfigurationExtensionSupport - Spring Data Redis - Could not safely identify store assignment for repository candidate interface com.example.scsa.repository.MatchRepository; If you want this repository to be a Redis repository, consider annotating your entities with one of these annotations: org.springframework.data.redis.core.RedisHash (preferred), or consider extending one of the following types with your repository: org.springframework.data.keyvalue.repository.KeyValueRepository
2025-11-21 10:26:59 [main] INFO  o.s.d.r.c.RepositoryConfigurationExtensionSupport - Spring Data Redis - Could not safely identify store assignment for repository candidate interface com.example.scsa.repository.UserRepository; If you want this repository to be a Redis repository, consider annotating your entities with one of these annotations: org.springframework.data.redis.core.RedisHash (preferred), or consider extending one of the following types with your repository: org.springframework.data.keyvalue.repository.KeyValueRepository
2025-11-21 10:26:59 [main] INFO  o.s.d.r.c.RepositoryConfigurationDelegate - Finished Spring Data repository scanning in 3 ms. Found 0 Redis repository interfaces.
2025-11-21 10:26:59 [main] INFO  o.s.b.w.e.tomcat.TomcatWebServer - Tomcat initialized with port 8080 (http)
2025-11-21 10:26:59 [main] INFO  o.a.catalina.core.StandardService - Starting service [Tomcat]
2025-11-21 10:26:59 [main] INFO  o.a.catalina.core.StandardEngine - Starting Servlet engine: [Apache Tomcat/10.1.48]
2025-11-21 10:26:59 [main] INFO  o.a.c.c.C.[Tomcat].[localhost].[/] - Initializing Spring embedded WebApplicationContext
2025-11-21 10:26:59 [main] INFO  o.s.b.w.s.c.ServletWebServerApplicationContext - Root WebApplicationContext: initialization completed in 667 ms
2025-11-21 10:26:59 [main] INFO  o.h.jpa.internal.util.LogHelper - HHH000204: Processing PersistenceUnitInfo [name: default]
2025-11-21 10:26:59 [main] INFO  org.hibernate.Version - HHH000412: Hibernate ORM core version 6.6.33.Final
2025-11-21 10:26:59 [main] INFO  o.h.c.i.RegionFactoryInitiator - HHH000026: Second-level cache disabled
2025-11-21 10:26:59 [main] INFO  o.s.o.j.p.SpringPersistenceUnitInfo - No LoadTimeWeaver setup: ignoring JPA class transformer
2025-11-21 10:26:59 [main] INFO  com.zaxxer.hikari.HikariDataSource - HikariPool-1 - Starting...
2025-11-21 10:27:00 [main] INFO  com.zaxxer.hikari.pool.HikariPool - HikariPool-1 - Added connection com.mysql.cj.jdbc.ConnectionImpl@2ccecae2
2025-11-21 10:27:00 [main] INFO  com.zaxxer.hikari.HikariDataSource - HikariPool-1 - Start completed.
2025-11-21 10:27:00 [main] WARN  org.hibernate.orm.deprecation - HHH90000025: MySQL8Dialect does not need to be specified explicitly using 'hibernate.dialect' (remove the property setting and it will be selected by default)
2025-11-21 10:27:00 [main] WARN  org.hibernate.orm.deprecation - HHH90000026: MySQL8Dialect has been deprecated; use org.hibernate.dialect.MySQLDialect instead
2025-11-21 10:27:00 [main] INFO  o.hibernate.orm.connections.pooling - HHH10001005: Database info:
	Database JDBC URL [Connecting through datasource 'HikariDataSource (HikariPool-1)']
	Database driver: undefined/unknown
	Database version: 8.0
	Autocommit mode: undefined/unknown
	Isolation level: undefined/unknown
	Minimum pool size: undefined/unknown
	Maximum pool size: undefined/unknown
2025-11-21 10:27:00 [main] INFO  o.h.e.t.j.p.i.JtaPlatformInitiator - HHH000489: No JTA platform available (set 'hibernate.transaction.jta.platform' to enable JTA platform integration)
2025-11-21 10:27:01 [main] INFO  o.s.o.j.LocalContainerEntityManagerFactoryBean - Initialized JPA EntityManagerFactory for persistence unit 'default'
2025-11-21 10:27:01 [main] DEBUG o.s.d.j.r.c.JpaMetamodelMappingContextFactoryBean - Initializing JpaMetamodelMappingContext…
2025-11-21 10:27:01 [main] DEBUG o.s.d.j.r.c.JpaMetamodelMappingContextFactoryBean - Finished initializing JpaMetamodelMappingContext
2025-11-21 10:27:01 [main] DEBUG o.s.d.j.repository.query.NamedQuery - Looking up named query 'User.findByName'
2025-11-21 10:27:01 [main] DEBUG o.s.d.j.repository.query.NamedQuery - Did not find named query User.findByName
2025-11-21 10:27:01 [main] DEBUG o.s.d.j.repository.query.NamedQuery - Looking up named query 'User.findByProviderAndProviderId'
2025-11-21 10:27:01 [main] DEBUG o.s.d.j.repository.query.NamedQuery - Did not find named query User.findByProviderAndProviderId
2025-11-21 10:27:01 [main] DEBUG o.s.d.j.repository.query.NamedQuery - Looking up named query 'User.findByNickname'
2025-11-21 10:27:01 [main] DEBUG o.s.d.j.repository.query.NamedQuery - Did not find named query User.findByNickname
2025-11-21 10:27:01 [main] DEBUG o.s.d.j.repository.query.NamedQuery - Looking up named query 'User.findByGender'
2025-11-21 10:27:01 [main] DEBUG o.s.d.j.repository.query.NamedQuery - Did not find named query User.findByGender
2025-11-21 10:27:01 [main] DEBUG o.s.d.j.repository.query.NamedQuery - Looking up named query 'User.findByPeriod'
2025-11-21 10:27:01 [main] DEBUG o.s.d.j.repository.query.NamedQuery - Did not find named query User.findByPeriod
2025-11-21 10:27:01 [main] DEBUG o.s.d.j.repository.query.NamedQuery - Did not find named query User.findByConditions.count
2025-11-21 10:27:01 [main] INFO  o.s.d.j.r.query.QueryEnhancerFactory - Hibernate is in classpath; If applicable, HQL parser will be used.
2025-11-21 10:27:01 [main] DEBUG o.s.d.j.repository.query.NamedQuery - Did not find named query User.countAllUsers.count
2025-11-21 10:27:01 [main] DEBUG o.s.d.j.repository.query.NamedQuery - Looking up named query 'User.findByProviderId'
2025-11-21 10:27:01 [main] DEBUG o.s.d.j.repository.query.NamedQuery - Did not find named query User.findByProviderId
2025-11-21 10:27:01 [main] DEBUG o.s.d.j.repository.query.NamedQuery - Looking up named query 'User.existsByNickname'
2025-11-21 10:27:01 [main] DEBUG o.s.d.j.repository.query.NamedQuery - Did not find named query User.existsByNickname
2025-11-21 10:27:01 [main] DEBUG o.s.d.j.repository.query.NamedQuery - Looking up named query 'User.existsByNicknameAndIdNot'
2025-11-21 10:27:01 [main] DEBUG o.s.d.j.repository.query.NamedQuery - Did not find named query User.existsByNicknameAndIdNot
2025-11-21 10:27:01 [main] DEBUG o.s.d.j.repository.query.NamedQuery - Looking up named query 'User.findByAge'
2025-11-21 10:27:01 [main] DEBUG o.s.d.j.repository.query.NamedQuery - Did not find named query User.findByAge
2025-11-21 10:27:01 [main] DEBUG c.e.s.c.f.JwtAuthenticationFilter - Filter 'jwtAuthenticationFilter' configured for use
2025-11-21 10:27:01 [main] DEBUG o.s.d.j.repository.query.NamedQuery - Did not find named query Court.findByKeyword.count
2025-11-21 10:27:01 [main] DEBUG o.s.d.j.repository.query.NamedQuery - Did not find named query Court.findByKeywordWithCursor.count
2025-11-21 10:27:02 [main] DEBUG o.s.d.j.repository.query.NamedQuery - Did not find named query Match.findByUserParticipatingSlice.count
2025-11-21 10:27:02 [main] DEBUG o.s.d.j.repository.query.NamedQuery - Looking up named query 'Match.existsByHost_IdAndMatchStatus'
2025-11-21 10:27:02 [main] DEBUG o.s.d.j.repository.query.NamedQuery - Did not find named query Match.existsByHost_IdAndMatchStatus
2025-11-21 10:27:02 [main] DEBUG o.s.d.j.repository.query.NamedQuery - Looking up named query 'Match.deleteAllByHost_IdAndMatchStatus'
2025-11-21 10:27:02 [main] DEBUG o.s.d.j.repository.query.NamedQuery - Did not find named query Match.deleteAllByHost_IdAndMatchStatus
2025-11-21 10:27:02 [main] DEBUG o.s.d.j.repository.query.NamedQuery - Did not find named query Match.findByMatchStatus.count
2025-11-21 10:27:02 [main] DEBUG o.s.d.j.repository.query.NamedQuery - Did not find named query Match.findByMatchStatusSlice.count
2025-11-21 10:27:02 [main] DEBUG o.s.d.j.repository.query.NamedQuery - Did not find named query Match.findByHostSlice.count
2025-11-21 10:27:02 [main] DEBUG o.s.d.j.repository.query.NamedQuery - Did not find named query Match.findByUserParticipating.count
2025-11-21 10:27:02 [main] DEBUG o.s.d.j.repository.query.NamedQuery - Did not find named query Match.findByDateRange.count
2025-11-21 10:27:02 [main] DEBUG o.s.d.j.repository.query.NamedQuery - Did not find named query Match.findByDateRangeSlice.count
2025-11-21 10:27:02 [main] DEBUG o.s.d.j.repository.query.NamedQuery - Did not find named query Match.countByUserParticipating.count
2025-11-21 10:27:02 [main] DEBUG o.s.d.j.repository.query.NamedQuery - Did not find named query Match.findByCourtIdAndDateRange.count
2025-11-21 10:27:02 [main] DEBUG o.s.d.j.repository.query.NamedQuery - Did not find named query Match.findByCourtId.count
2025-11-21 10:27:02 [main] DEBUG o.s.d.j.repository.query.NamedQuery - Did not find named query Match.findForList.count
2025-11-21 10:27:02 [main] DEBUG o.s.d.j.repository.query.NamedQuery - Did not find named query Match.findByIdWithGuests.count
2025-11-21 10:27:02 [main] DEBUG o.s.d.j.repository.query.NamedQuery - Did not find named query Match.findByHost.count
2025-11-21 10:27:02 [main] WARN  o.s.b.a.o.j.JpaBaseConfiguration$JpaWebConfiguration - spring.jpa.open-in-view is enabled by default. Therefore, database queries may be performed during view rendering. Explicitly configure spring.jpa.open-in-view to disable this warning
2025-11-21 10:27:02 [main] INFO  o.s.b.a.w.s.WelcomePageHandlerMapping - Adding welcome page: class path resource [static/index.html]
2025-11-21 10:27:02 [main] DEBUG o.s.w.s.m.m.a.RequestMappingHandlerMapping - 22 mappings in 'requestMappingHandlerMapping'
2025-11-21 10:27:02 [main] DEBUG o.s.w.s.h.SimpleUrlHandlerMapping - Patterns [/webjars/**, /**, /swagger-ui*/*swagger-initializer.js, /swagger-ui*/**] in 'resourceHandlerMapping'
2025-11-21 10:27:02 [main] INFO  o.s.s.c.a.a.c.InitializeUserDetailsBeanManagerConfigurer$InitializeUserDetailsManagerConfigurer - Global AuthenticationManager configured with UserDetailsService bean with name customUserDetailsService
2025-11-21 10:27:02 [main] DEBUG o.s.s.web.DefaultSecurityFilterChain - Will secure any request with filters: DisableEncodeUrlFilter, WebAsyncManagerIntegrationFilter, SecurityContextHolderFilter, HeaderWriterFilter, CorsFilter, LogoutFilter, OAuth2AuthorizationRequestRedirectFilter, OAuth2LoginAuthenticationFilter, JwtAuthenticationFilter, RequestCacheAwareFilter, SecurityContextHolderAwareRequestFilter, AnonymousAuthenticationFilter, SessionManagementFilter, ExceptionTranslationFilter, AuthorizationFilter
2025-11-21 10:27:02 [main] INFO  o.s.v.b.OptionalValidatorFactoryBean - Failed to set up a Bean Validation provider: jakarta.validation.NoProviderFoundException: Unable to create a Configuration, because no Jakarta Bean Validation provider could be found. Add a provider like Hibernate Validator (RI) to your classpath.
2025-11-21 10:27:02 [main] DEBUG o.s.w.s.m.m.a.RequestMappingHandlerAdapter - ControllerAdvice beans: 0 @ModelAttribute, 0 @InitBinder, 1 RequestBodyAdvice, 1 ResponseBodyAdvice
2025-11-21 10:27:02 [main] DEBUG o.s.w.s.m.m.a.ExceptionHandlerExceptionResolver - ControllerAdvice beans: 2 @ExceptionHandler, 1 ResponseBodyAdvice
2025-11-21 10:27:02 [main] DEBUG o.s.d.j.repository.query.NamedQuery - Did not find named query ChatRoom.findByUsers.count
2025-11-21 10:27:02 [main] DEBUG o.s.d.j.repository.query.NamedQuery - Did not find named query ChatRoom.findByMatchIdAndUsers.count
2025-11-21 10:27:02 [main] DEBUG o.s.d.j.repository.query.NamedQuery - Did not find named query ChatRoom.findByMatchId.count
2025-11-21 10:27:02 [main] DEBUG o.s.d.j.repository.query.NamedQuery - Did not find named query ChatRoom.findByUserIdAndMatchId.count
2025-11-21 10:27:02 [main] DEBUG o.s.d.j.repository.query.NamedQuery - Did not find named query ChatRoom.findByIdWithChats.count
2025-11-21 10:27:02 [main] DEBUG o.s.d.j.repository.query.NamedQuery - Did not find named query ChatRoom.countByUser.count
2025-11-21 10:27:02 [main] DEBUG o.s.d.j.repository.query.NamedQuery - Did not find named query ChatRoom.countByMatchId.count
2025-11-21 10:27:02 [main] DEBUG o.s.d.j.repository.query.NamedQuery - Did not find named query ChatRoom.findByUser.count
2025-11-21 10:27:02 [main] DEBUG o.s.d.j.repository.query.NamedQuery - Did not find named query MatchGuest.countByUser.count
2025-11-21 10:27:02 [main] DEBUG o.s.d.j.repository.query.NamedQuery - Did not find named query MatchGuest.findByMatch.count
2025-11-21 10:27:02 [main] DEBUG o.s.d.j.repository.query.NamedQuery - Did not find named query MatchGuest.findHostByMatch.count
2025-11-21 10:27:02 [main] DEBUG o.s.d.j.repository.query.NamedQuery - Did not find named query MatchGuest.findGuestsByMatch.count
2025-11-21 10:27:02 [main] DEBUG o.s.d.j.repository.query.NamedQuery - Did not find named query MatchGuest.findByMatchAndUser.count
2025-11-21 10:27:02 [main] DEBUG o.s.d.j.repository.query.NamedQuery - Did not find named query MatchGuest.existsByMatchAndUser.count
2025-11-21 10:27:02 [main] DEBUG o.s.d.j.repository.query.NamedQuery - Did not find named query MatchGuest.countByMatch.count
2025-11-21 10:27:02 [main] DEBUG o.s.d.j.repository.query.NamedQuery - Did not find named query MatchGuest.findByUser.count
2025-11-21 10:27:03 [main] DEBUG o.s.d.j.repository.query.NamedQuery - Did not find named query Chat.findByChatRoomOrderByCreatedAtDesc.count
2025-11-21 10:27:03 [main] DEBUG o.s.d.j.repository.query.NamedQuery - Did not find named query Chat.findByChatRoom.count
2025-11-21 10:27:03 [main] DEBUG o.s.d.j.repository.query.NamedQuery - Did not find named query Chat.findLatestByChatRoom.count
2025-11-21 10:27:03 [main] DEBUG o.s.d.j.repository.query.NamedQuery - Did not find named query Chat.findBySender.count
2025-11-21 10:27:03 [main] DEBUG o.s.d.j.repository.query.NamedQuery - Did not find named query Chat.findUnreadMessages.count
2025-11-21 10:27:03 [main] DEBUG o.s.d.j.repository.query.NamedQuery - Did not find named query Chat.countByChatRoom.count
2025-11-21 10:27:03 [main] DEBUG o.s.d.j.repository.query.NamedQuery - Did not find named query Chat.countUnreadMessages.count
2025-11-21 10:27:03 [main] INFO  o.s.b.w.e.tomcat.TomcatWebServer - Tomcat started on port 8080 (http) with context path '/'
2025-11-21 10:27:03 [main] INFO  com.example.scsa.ScsaApplication - Started ScsaApplication in 4.543 seconds (process running for 4.781)
2025-11-21 10:27:13 [http-nio-8080-exec-1] INFO  o.a.c.c.C.[Tomcat].[localhost].[/] - Initializing Spring DispatcherServlet 'dispatcherServlet'
2025-11-21 10:27:13 [http-nio-8080-exec-1] INFO  o.s.web.servlet.DispatcherServlet - Initializing Servlet 'dispatcherServlet'
2025-11-21 10:27:13 [http-nio-8080-exec-1] DEBUG o.s.web.servlet.DispatcherServlet - Detected StandardServletMultipartResolver
2025-11-21 10:27:13 [http-nio-8080-exec-1] DEBUG o.s.web.servlet.DispatcherServlet - Detected AcceptHeaderLocaleResolver
2025-11-21 10:27:13 [http-nio-8080-exec-1] DEBUG o.s.web.servlet.DispatcherServlet - Detected FixedThemeResolver
2025-11-21 10:27:13 [http-nio-8080-exec-1] DEBUG o.s.web.servlet.DispatcherServlet - Detected org.springframework.web.servlet.view.DefaultRequestToViewNameTranslator@76e6c44
2025-11-21 10:27:13 [http-nio-8080-exec-1] DEBUG o.s.web.servlet.DispatcherServlet - Detected org.springframework.web.servlet.support.SessionFlashMapManager@5af50e1a
2025-11-21 10:27:13 [http-nio-8080-exec-1] DEBUG o.s.web.servlet.DispatcherServlet - enableLoggingRequestDetails='false': request parameters and headers will be masked to prevent unsafe logging of potentially sensitive data
2025-11-21 10:27:13 [http-nio-8080-exec-1] INFO  o.s.web.servlet.DispatcherServlet - Completed initialization in 2 ms
2025-11-21 10:27:13 [http-nio-8080-exec-1] DEBUG o.s.security.web.FilterChainProxy - Securing GET /
2025-11-21 10:27:13 [http-nio-8080-exec-1] INFO  c.e.s.c.f.JwtAuthenticationFilter - === JWT 필터 ===
2025-11-21 10:27:13 [http-nio-8080-exec-1] INFO  c.e.s.c.f.JwtAuthenticationFilter - 요청 URI: /
2025-11-21 10:27:13 [http-nio-8080-exec-1] INFO  c.e.s.c.f.JwtAuthenticationFilter - 토큰 존재 여부: false
2025-11-21 10:27:13 [http-nio-8080-exec-1] INFO  c.e.s.c.f.JwtAuthenticationFilter - 인증 실패 - 토큰 없음 또는 유효하지 않음
2025-11-21 10:27:13 [http-nio-8080-exec-1] DEBUG o.s.s.w.a.AnonymousAuthenticationFilter - Set SecurityContextHolder to anonymous SecurityContext
2025-11-21 10:27:13 [http-nio-8080-exec-1] DEBUG o.s.s.w.s.SessionManagementFilter - Request requested invalid session id EC41A0FDCFC09EB92017B3EB975D9D35
2025-11-21 10:27:13 [http-nio-8080-exec-1] DEBUG o.s.security.web.FilterChainProxy - Secured GET /
2025-11-21 10:27:13 [http-nio-8080-exec-1] DEBUG o.s.web.servlet.DispatcherServlet - GET "/", parameters={}
2025-11-21 10:27:13 [http-nio-8080-exec-1] DEBUG o.s.w.s.v.ContentNegotiatingViewResolver - Selected 'text/html' given [text/html, application/xhtml+xml, image/avif, image/webp, image/apng, application/xml;q=0.9, */*;q=0.8, application/signed-exchange;v=b3;q=0.7]
2025-11-21 10:27:13 [http-nio-8080-exec-1] DEBUG o.s.w.s.view.InternalResourceView - View name [forward:], model {}
2025-11-21 10:27:13 [http-nio-8080-exec-1] DEBUG o.s.w.s.view.InternalResourceView - Forwarding to [index.html]
2025-11-21 10:27:13 [http-nio-8080-exec-1] DEBUG o.s.security.web.FilterChainProxy - Securing GET /index.html
2025-11-21 10:27:13 [http-nio-8080-exec-1] DEBUG o.s.security.web.FilterChainProxy - Secured GET /index.html
2025-11-21 10:27:13 [http-nio-8080-exec-1] DEBUG o.s.web.servlet.DispatcherServlet - "FORWARD" dispatch for GET "/index.html", parameters={}
2025-11-21 10:27:13 [http-nio-8080-exec-1] DEBUG o.s.w.s.h.SimpleUrlHandlerMapping - Mapped to ResourceHttpRequestHandler [classpath [META-INF/resources/], classpath [resources/], classpath [static/], classpath [public/], ServletContext [/]]
2025-11-21 10:27:13 [http-nio-8080-exec-1] DEBUG o.s.web.servlet.DispatcherServlet - Exiting from "FORWARD" dispatch, status 200
2025-11-21 10:27:13 [http-nio-8080-exec-1] DEBUG o.s.web.servlet.DispatcherServlet - Completed 200 OK
2025-11-21 10:27:14 [http-nio-8080-exec-2] DEBUG o.s.security.web.FilterChainProxy - Securing GET /api/v1/auth/status
2025-11-21 10:27:14 [http-nio-8080-exec-2] INFO  c.e.s.c.f.JwtAuthenticationFilter - === JWT 필터 ===
2025-11-21 10:27:14 [http-nio-8080-exec-2] INFO  c.e.s.c.f.JwtAuthenticationFilter - 요청 URI: /api/v1/auth/status
2025-11-21 10:27:14 [http-nio-8080-exec-2] INFO  c.e.s.c.f.JwtAuthenticationFilter - 토큰 존재 여부: true
2025-11-21 10:27:14 [http-nio-8080-exec-2] INFO  c.e.s.c.f.JwtAuthenticationFilter - 토큰 미리보기: eyJhbGciOiJIUzUxMiJ9...
2025-11-21 10:27:14 [http-nio-8080-exec-2] WARN  com.example.scsa.util.JwtUtil - 만료된 JWT 토큰: JWT expired 147218097 milliseconds ago at 2025-11-19T08:33:36.000Z. Current time: 2025-11-21T01:27:14.097Z. Allowed clock skew: 0 milliseconds.
2025-11-21 10:27:14 [http-nio-8080-exec-2] INFO  c.e.s.c.f.JwtAuthenticationFilter - 인증 실패 - 토큰 없음 또는 유효하지 않음
2025-11-21 10:27:14 [http-nio-8080-exec-2] DEBUG o.s.s.w.a.AnonymousAuthenticationFilter - Set SecurityContextHolder to anonymous SecurityContext
2025-11-21 10:27:14 [http-nio-8080-exec-2] DEBUG o.s.s.w.s.SessionManagementFilter - Request requested invalid session id EC41A0FDCFC09EB92017B3EB975D9D35
2025-11-21 10:27:14 [http-nio-8080-exec-2] DEBUG o.s.security.web.FilterChainProxy - Secured GET /api/v1/auth/status
2025-11-21 10:27:14 [http-nio-8080-exec-2] DEBUG o.s.web.servlet.DispatcherServlet - GET "/api/v1/auth/status", parameters={}
2025-11-21 10:27:14 [http-nio-8080-exec-2] DEBUG o.s.w.s.m.m.a.RequestMappingHandlerMapping - Mapped to com.example.scsa.controller.AuthController#getAuthStatus()
2025-11-21 10:27:14 [http-nio-8080-exec-2] INFO  c.e.scsa.controller.AuthController - === AuthController.getAuthStatus() ===
2025-11-21 10:27:14 [http-nio-8080-exec-2] INFO  c.e.scsa.controller.AuthController - Authentication 존재: true
2025-11-21 10:27:14 [http-nio-8080-exec-2] INFO  c.e.scsa.controller.AuthController - Authentication type: org.springframework.security.authentication.AnonymousAuthenticationToken
2025-11-21 10:27:14 [http-nio-8080-exec-2] INFO  c.e.scsa.controller.AuthController - Authentication.isAuthenticated(): true
2025-11-21 10:27:14 [http-nio-8080-exec-2] INFO  c.e.scsa.controller.AuthController - Is AnonymousAuthenticationToken: true
2025-11-21 10:27:14 [http-nio-8080-exec-2] INFO  c.e.scsa.controller.AuthController - Authentication.getName(): anonymousUser
2025-11-21 10:27:14 [http-nio-8080-exec-2] INFO  c.e.scsa.controller.AuthController - 미인증 사용자 응답 반환
2025-11-21 10:27:14 [http-nio-8080-exec-2] DEBUG o.s.w.s.m.m.a.HttpEntityMethodProcessor - Using 'application/json', given [*/*] and supported [application/json, application/*+json, application/yaml]
2025-11-21 10:27:14 [http-nio-8080-exec-2] DEBUG o.s.w.s.m.m.a.HttpEntityMethodProcessor - Writing [com.example.scsa.dto.response.AuthStatusResponse@5d842617]
2025-11-21 10:27:14 [http-nio-8080-exec-2] DEBUG o.s.web.servlet.DispatcherServlet - Completed 200 OK
2025-11-21 10:27:16 [http-nio-8080-exec-3] DEBUG o.s.security.web.FilterChainProxy - Securing GET /oauth2/authorization/kakao
2025-11-21 10:27:16 [http-nio-8080-exec-3] DEBUG o.s.s.web.DefaultRedirectStrategy - Redirecting to https://kauth.kakao.com/oauth/authorize?response_type=code&client_id=a5684086cef2a24799efaf9268549f00&scope=profile_nickname%20profile_image&state=MEZXpaaXtCCjfBl1J590XvMYURPybMtB08KdnX6UEdE%3D&redirect_uri=http://localhost:8080/login/oauth2/code/kakao
2025-11-21 11:35:17 [SpringApplicationShutdownHook] INFO  o.s.b.w.e.tomcat.GracefulShutdown - Commencing graceful shutdown. Waiting for active requests to complete
2025-11-21 11:35:17 [tomcat-shutdown] INFO  o.s.b.w.e.tomcat.GracefulShutdown - Graceful shutdown complete
2025-11-21 11:35:17 [SpringApplicationShutdownHook] INFO  o.s.o.j.LocalContainerEntityManagerFactoryBean - Closing JPA EntityManagerFactory for persistence unit 'default'
2025-11-21 11:35:18 [SpringApplicationShutdownHook] INFO  com.zaxxer.hikari.HikariDataSource - HikariPool-1 - Shutdown initiated...
2025-11-21 11:35:18 [SpringApplicationShutdownHook] INFO  com.zaxxer.hikari.HikariDataSource - HikariPool-1 - Shutdown completed.
